Array
(
    [id] => 1
    [0] => 1
    [user_init_id] => 1
    [1] => 1
    [user_to_id] => 6,9
    [2] => 6,9
    [date_create] => 2014-11-24 23:47:47
    [3] => 2014-11-24 23:47:47
    [subj] => rere
    [4] => rere
    [msg] => dfsd
    [5] => dfsd
    [client_id] => 1
    [6] => 1
    [unit_id] => 1
    [7] => 1
    [period] => month
    [8] => month
    [period_arr] => 1
    [9] => 1
    [action_time] => 23:22:30
    [10] => 23:22:30
    [dt_start] => 2014-11-24 00:00:00
    [11] => 2014-11-24 00:00:00
    [dt_stop] => 2014-11-25 23:59:59
    [12] => 2014-11-25 23:59:59
    [prio] => 1
    [13] => 1
)
